<?xml version="1.0" encoding="UTF-8"?>
<testsuite name="Judy.TodoTest" tests="2" skipped="0" failures="0" errors="0" timestamp="2025-02-02T17:56:12" hostname="DESKTOP-LRFT759" time="0.002">
  <properties/>
  <testcase name="toDataString_test()" classname="Judy.TodoTest" time="0.001"/>
  <testcase name="toString_test()" classname="Judy.TodoTest" time="0.001"/>
  <system-out><![CDATA[]]></system-out>
  <system-err><![CDATA[]]></system-err>
</testsuite>
